============================================================
CuClarabel GPU Solver - 2025-07-04T11:02:16.265
Problem file: /home/groups/ramr/akshay81/zap/resource_opt_notebooks/NUM_200k_seed42.h5
Log file: /home/groups/ramr/akshay81/zap/resource_opt_notebooks/NUM_200k_seed42.log
============================================================

📂 Loading problem data...
✅ Problem loaded successfully!
   Variables: 200000
   Constraints: 600000
   Nonzeros in A: 1302296
   CVXPY cone interpretation:
     - cone_z: 0 zero constraints
     - cone_l: 300000 nonnegative constraints
     - cone_ep: 100000 exponential CONES (each has 3 constraints)
     - Total exp constraints: 300000
     - Grand total: 600000
   ✅ Constraint count matches perfectly!

🏗️  Setting up 100001 cone objects...
   ✅ Added nonnegative cone: 300000 constraints
   Adding 100000 exponential cones...
   ✅ Added 100000 exponential cones
   Total cone objects: 100001

🚀 Setting up CuClarabel with GPU acceleration...

❌ ERROR occurred:
ErrorException("function not implemented")

Stacktrace:
  function not implemented
  Stacktrace:
    [1] error(s::String)
      @ Base ./error.jl:35
    [2] linear_solver_info(ldlsolver::CUDSSDirectLDLSolverMixed{Float64})
      @ Clarabel ~/.julia/packages/Clarabel/3tu7L/src/kktsolvers/direct-ldl/directldl_defaults.jl:34
    [3] kktsolver_linear_solver_info(kktsolver::Clarabel.GPULDLKKTSolver{Float64})
      @ Clarabel ~/.julia/packages/Clarabel/3tu7L/src/kktsolvers/kktsolver_directldl_gpu.jl:145
    [4] kkt_linear_solver_info(kktsystem::Clarabel.DefaultKKTSystemGPU{Float64})
      @ Clarabel ~/.julia/packages/Clarabel/3tu7L/src/kktsystem_gpu.jl:63
    [5] setup!(s::Clarabel.Solver{Float64}, P::SparseMatrixCSC{Float64, Int64}, q::Vector{Float64}, A::SparseMatrixCSC{Float64, Int64}, b::Vector{Float64}, cones::Vector{Clarabel.SupportedCone}; kwargs::@Kwargs{})
      @ Clarabel ~/.julia/packages/Clarabel/3tu7L/src/solver.jl:203
    [6] setup!
      @ ~/.julia/packages/Clarabel/3tu7L/src/solver.jl:142 [inlined]
    [7] setup!(s::Clarabel.Solver{Float64}, P::SparseMatrixCSC{Float64, Int64}, q::Vector{Float64}, A::SparseMatrixCSC{Float64, Int64}, b::Vector{Float64}, cones::Vector{Clarabel.SupportedCone}, settings::Clarabel.Settings{Float64})
      @ Clarabel ~/.julia/packages/Clarabel/3tu7L/src/solver.jl:139
    [8] (::var"#1#3"{String, String})(log_io::IOStream)
      @ Main /home/groups/ramr/akshay81/simg/test_cuclarabel.jl:118
    [9] open(::var"#1#3"{String, String}, ::String, ::Vararg{String}; kwargs::@Kwargs{})
      @ Base ./io.jl:396
   [10] open
      @ ./io.jl:393 [inlined]
   [11] main(h5_file_path::String)
      @ Main /home/groups/ramr/akshay81/simg/test_cuclarabel.jl:9
   [12] top-level scope
      @ /home/groups/ramr/akshay81/simg/test_cuclarabel.jl:172
   [13] include(mod::Module, _path::String)
      @ Base ./Base.jl:495
   [14] exec_options(opts::Base.JLOptions)
      @ Base ./client.jl:323
   [15] _start()
      @ Base ./client.jl:557

============================================================
Completed at 2025-07-04T11:04:49.491
============================================================
